<?xml version="1.0" encoding="UTF-8"?>
<!-- Generated by org.testng.reporters.JUnitReportReporter -->
<testsuite hostname="ericbailey-Inspiron-3650" failures="0" tests="1" name="test.TestNg" time="0.020" errors="0" timestamp="13 Jan 2022 00:10:33 GMT">
  <testcase classname="test.TestNg" name="verifyHomepageTitle" time="0.020"/>
</testsuite> <!-- test.TestNg -->
